

Microchip Technology PIC18 LITE Macro Assembler V1.35 build -356382666 
                                                                                               Fri Feb 09 16:19:57 2018

Microchip Technology Omniscient Code Generator v1.35 (Free mode) build 201507080246
     1                           	processor	18F4550
     2                           	fnconf	rparam,??,?,0
     3                           	opt	pw 120
     4                           	opt	lm
     5                           	psect	cinit,global,reloc=2,class=CODE,delta=1
     6                           	psect	cstackCOMRAM,global,class=COMRAM,space=1,delta=1
     7                           	psect	text0,global,reloc=2,class=CODE,delta=1
     8                           	psect	text1,global,reloc=2,class=CODE,delta=1
     9                           	psect	intsave_regs,global,class=BIGRAM,space=1,delta=1
    10                           	psect	rparam,global,class=COMRAM,space=1,delta=1
    11  0000                     _PORTDbits	set	3971
    12  0000                     _TRISD	set	3989
    13                           
    14                           ; #config settings
    15                           
    16                           	psect	cinit
    17  007F48                     __pcinit:
    18                           	opt stack 0
    19  007F48                     start_initialization:
    20                           	opt stack 0
    21  007F48                     __initialization:
    22                           	opt stack 0
    23  007F48                     end_of_initialization:
    24                           	opt stack 0
    25  007F48                     __end_of__initialization:
    26                           	opt stack 0
    27  007F48  0100               	movlb	0
    28  007F4A  EFC1  F03F         	goto	_main	;jump to C main() function
    29                           
    30                           	psect	cstackCOMRAM
    31  000001                     __pcstackCOMRAM:
    32                           	opt stack 0
    33  000001                     delay_ms@i:
    34                           	opt stack 0
    35                           
    36                           ; 2 bytes @ 0x0
    37  000001                     	ds	2
    38  000003                     ??_delay_ms:
    39                           
    40                           ; 0 bytes @ 0x2
    41  000003                     	ds	1
    42  000004                     delay_ms@j:
    43                           	opt stack 0
    44                           
    45                           ; 2 bytes @ 0x3
    46  000004                     	ds	2
    47  000006                     
    48                           ; 0 bytes @ 0x5
    49 ;;
    50 ;;Main: autosize = 0, tempsize = 0, incstack = 0, save=0
    51 ;;
    52 ;; *************** function _main *****************
    53 ;; Defined at:
    54 ;;		line 21 in file "main.c"
    55 ;; Parameters:    Size  Location     Type
    56 ;;		None
    57 ;; Auto vars:     Size  Location     Type
    58 ;;		None
    59 ;; Return value:  Size  Location     Type
    60 ;;		None               void
    61 ;; Registers used:
    62 ;;		wreg, status,2, status,0, cstack
    63 ;; Tracked objects:
    64 ;;		On entry : 0/0
    65 ;;		On exit  : 0/0
    66 ;;		Unchanged: 0/0
    67 ;; Data sizes:     COMRAM   BANK0   BANK1   BANK2   BANK3   BANK4   BANK5   BANK6   BANK7
    68 ;;      Params:         0       0       0       0       0       0       0       0       0
    69 ;;      Locals:         0       0       0       0       0       0       0       0       0
    70 ;;      Temps:          0       0       0       0       0       0       0       0       0
    71 ;;      Totals:         0       0       0       0       0       0       0       0       0
    72 ;;Total ram usage:        0 bytes
    73 ;; Hardware stack levels required when called:    1
    74 ;; This function calls:
    75 ;;		_delay_ms
    76 ;; This function is called by:
    77 ;;		Startup code after reset
    78 ;; This function uses a non-reentrant model
    79 ;;
    80                           
    81                           	psect	text0
    82  007F82                     __ptext0:
    83                           	opt stack 0
    84  007F82                     _main:
    85                           	opt stack 30
    86                           
    87                           ;main.c: 24: TRISD = 0b01110000;
    88                           
    89                           ;incstack = 0
    90  007F82  0E70               	movlw	112
    91  007F84  6E95               	movwf	3989,c	;volatile
    92                           
    93                           ;main.c: 30: while (PORTDbits.RD4 == 1){
    94                           
    95                           ;main.c: 27: while (1){
    96  007F86  D011               	goto	l706
    97  007F88                     l11:
    98                           
    99                           ;main.c: 32: PORTDbits.RD0 = 1; PORTDbits.RD1 = 0; PORTDbits.RD2 = 0;
   100  007F88  8083               	bsf	3971,0,c	;volatile
   101  007F8A  9283               	bcf	3971,1,c	;volatile
   102  007F8C  9483               	bcf	3971,2,c	;volatile
   103                           
   104                           ;main.c: 34: PORTDbits.RD3 = 1;
   105  007F8E  8683               	bsf	3971,3,c	;volatile
   106                           
   107                           ;main.c: 35: delay_ms(10000);
   108  007F90  0E27               	movlw	39
   109  007F92  6E02               	movwf	delay_ms@i+1,c
   110  007F94  0E10               	movlw	16
   111  007F96  6E01               	movwf	delay_ms@i,c
   112  007F98  ECA7  F03F         	call	_delay_ms	;wreg free
   113                           
   114                           ;main.c: 36: PORTDbits.RD3 = 0;
   115  007F9C  9683               	bcf	3971,3,c	;volatile
   116                           
   117                           ;main.c: 37: delay_ms(2000);
   118  007F9E  0E07               	movlw	7
   119  007FA0  6E02               	movwf	delay_ms@i+1,c
   120  007FA2  0ED0               	movlw	208
   121  007FA4  6E01               	movwf	delay_ms@i,c
   122  007FA6  ECA7  F03F         	call	_delay_ms	;wreg free
   123  007FAA                     l706:
   124  007FAA  A883               	btfss	3971,4,c	;volatile
   125  007FAC  D012               	goto	l712
   126  007FAE  D7EC               	goto	l11
   127  007FB0                     l14:
   128                           
   129                           ;main.c: 43: PORTDbits.RD0 = 1; PORTDbits.RD1 = 1; PORTDbits.RD2 = 0;
   130  007FB0  8083               	bsf	3971,0,c	;volatile
   131  007FB2  8283               	bsf	3971,1,c	;volatile
   132  007FB4  9483               	bcf	3971,2,c	;volatile
   133                           
   134                           ;main.c: 45: PORTDbits.RD3 = 1;
   135  007FB6  8683               	bsf	3971,3,c	;volatile
   136                           
   137                           ;main.c: 46: delay_ms(10000);
   138  007FB8  0E27               	movlw	39
   139  007FBA  6E02               	movwf	delay_ms@i+1,c
   140  007FBC  0E10               	movlw	16
   141  007FBE  6E01               	movwf	delay_ms@i,c
   142  007FC0  ECA7  F03F         	call	_delay_ms	;wreg free
   143                           
   144                           ;main.c: 47: PORTDbits.RD3 = 0;
   145  007FC4  9683               	bcf	3971,3,c	;volatile
   146                           
   147                           ;main.c: 48: delay_ms(4000);
   148  007FC6  0E0F               	movlw	15
   149  007FC8  6E02               	movwf	delay_ms@i+1,c
   150  007FCA  0EA0               	movlw	160
   151  007FCC  6E01               	movwf	delay_ms@i,c
   152  007FCE  ECA7  F03F         	call	_delay_ms	;wreg free
   153  007FD2                     l712:
   154  007FD2  AA83               	btfss	3971,5,c	;volatile
   155  007FD4  D012               	goto	l718
   156  007FD6  D7EC               	goto	l14
   157  007FD8                     l17:
   158                           
   159                           ;main.c: 54: PORTDbits.RD0 = 1; PORTDbits.RD1 = 1; PORTDbits.RD2 = 1;
   160  007FD8  8083               	bsf	3971,0,c	;volatile
   161  007FDA  8283               	bsf	3971,1,c	;volatile
   162  007FDC  8483               	bsf	3971,2,c	;volatile
   163                           
   164                           ;main.c: 56: PORTDbits.RD3 = 1;
   165  007FDE  8683               	bsf	3971,3,c	;volatile
   166                           
   167                           ;main.c: 57: delay_ms(10000);
   168  007FE0  0E27               	movlw	39
   169  007FE2  6E02               	movwf	delay_ms@i+1,c
   170  007FE4  0E10               	movlw	16
   171  007FE6  6E01               	movwf	delay_ms@i,c
   172  007FE8  ECA7  F03F         	call	_delay_ms	;wreg free
   173                           
   174                           ;main.c: 58: PORTDbits.RD3 = 0;
   175  007FEC  9683               	bcf	3971,3,c	;volatile
   176                           
   177                           ;main.c: 59: delay_ms(6000);
   178  007FEE  0E17               	movlw	23
   179  007FF0  6E02               	movwf	delay_ms@i+1,c
   180  007FF2  0E70               	movlw	112
   181  007FF4  6E01               	movwf	delay_ms@i,c
   182  007FF6  ECA7  F03F         	call	_delay_ms	;wreg free
   183  007FFA                     l718:
   184  007FFA  AC83               	btfss	3971,6,c	;volatile
   185  007FFC  D7D6               	goto	l706
   186  007FFE  D7EC               	goto	l17
   187  008000                     __end_of_main:
   188                           	opt stack 0
   189                           
   190 ;; *************** function _delay_ms *****************
   191 ;; Defined at:
   192 ;;		line 10 in file "delays_utilities.c"
   193 ;; Parameters:    Size  Location     Type
   194 ;;  i               2    0[COMRAM] unsigned int 
   195 ;; Auto vars:     Size  Location     Type
   196 ;;  j               2    3[COMRAM] unsigned int 
   197 ;; Return value:  Size  Location     Type
   198 ;;		None               void
   199 ;; Registers used:
   200 ;;		wreg, status,2, status,0
   201 ;; Tracked objects:
   202 ;;		On entry : 0/0
   203 ;;		On exit  : 0/0
   204 ;;		Unchanged: 0/0
   205 ;; Data sizes:     COMRAM   BANK0   BANK1   BANK2   BANK3   BANK4   BANK5   BANK6   BANK7
   206 ;;      Params:         2       0       0       0       0       0       0       0       0
   207 ;;      Locals:         2       0       0       0       0       0       0       0       0
   208 ;;      Temps:          1       0       0       0       0       0       0       0       0
   209 ;;      Totals:         5       0       0       0       0       0       0       0       0
   210 ;;Total ram usage:        5 bytes
   211 ;; Hardware stack levels used:    1
   212 ;; This function calls:
   213 ;;		Nothing
   214 ;; This function is called by:
   215 ;;		_main
   216 ;; This function uses a non-reentrant model
   217 ;;
   218                           
   219                           	psect	text1
   220  007F4E                     __ptext1:
   221                           	opt stack 0
   222  007F4E                     _delay_ms:
   223                           	opt stack 30
   224                           
   225                           ;delays_utilities.c: 12: if(i!=0)
   226                           
   227                           ;incstack = 0
   228  007F4E  5001               	movf	delay_ms@i,w,c
   229  007F50  1002               	iorwf	delay_ms@i+1,w,c
   230  007F52  B4D8               	btfsc	status,2,c
   231  007F54  0012               	return	
   232                           
   233                           ;delays_utilities.c: 13: for(j=0;j<i;j++)_delay((unsigned long)((1)*(48000000/4000.0)));
   234  007F56  0E00               	movlw	0
   235  007F58  6E05               	movwf	delay_ms@j+1,c
   236  007F5A  0E00               	movlw	0
   237  007F5C  6E04               	movwf	delay_ms@j,c
   238  007F5E  D00A               	goto	l27
   239  007F60                     l696:
   240  007F60  0E10               	movlw	16
   241  007F62  6E03               	movwf	??_delay_ms& (0+255),c
   242  007F64  0E94               	movlw	148
   243  007F66                     u157:
   244  007F66  2EE8               	decfsz	wreg,f,c
   245  007F68  D7FE               	goto	u157
   246  007F6A  2E03               	decfsz	??_delay_ms& (0+255),f,c
   247  007F6C  D7FC               	goto	u157
   248  007F6E  D000               	nop2	
   249  007F70  4A04               	infsnz	delay_ms@j,f,c
   250  007F72  2A05               	incf	delay_ms@j+1,f,c
   251  007F74                     l27:
   252  007F74  5001               	movf	delay_ms@i,w,c
   253  007F76  5C04               	subwf	delay_ms@j,w,c
   254  007F78  5002               	movf	delay_ms@i+1,w,c
   255  007F7A  5805               	subwfb	delay_ms@j+1,w,c
   256  007F7C  B0D8               	btfsc	status,0,c
   257  007F7E  0012               	return	
   258  007F80  D7EF               	goto	l696
   259  007F82                     __end_of_delay_ms:
   260                           	opt stack 0
   261  0000                     wreg	equ	0xFE8
   262                           status	equ	0xFD8
   263                           wreg	equ	0xFE8
   264                           status	equ	0xFD8
   265                           
   266                           	psect	rparam
   267  0000                     wreg	equ	0xFE8
   268                           status	equ	0xFD8


Data Sizes:
    Strings     0
    Constant    0
    Data        0
    BSS         0
    Persistent  0
    Stack       0

Auto Spaces:
    Space          Size  Autos    Used
    COMRAM           95      5       5
    BANK0           160      0       0
    BANK1           256      0       0
    BANK2           256      0       0
    BANK3           256      0       0
    BANK4           256      0       0
    BANK5           256      0       0
    BANK6           256      0       0
    BANK7           256      0       0

Pointer List with Targets:

    None.

Critical Paths under _main in COMRAM

    _main->_delay_ms

Critical Paths under _main in BANK0

    None.

Critical Paths under _main in BANK1

    None.

Critical Paths under _main in BANK2

    None.

Critical Paths under _main in BANK3

    None.

Critical Paths under _main in BANK4

    None.

Critical Paths under _main in BANK5

    None.

Critical Paths under _main in BANK6

    None.

Critical Paths under _main in BANK7

    None.

Call Graph Tables:

 ---------------------------------------------------------------------------------
 (Depth) Function   	        Calls       Base Space   Used Autos Params    Refs
 ---------------------------------------------------------------------------------
 (0) _main                                                 0     0      0     326
                           _delay_ms
 ---------------------------------------------------------------------------------
 (1) _delay_ms                                             5     3      2     326
                                              0 COMRAM     5     3      2
 ---------------------------------------------------------------------------------
 Estimated maximum stack depth 1
 ---------------------------------------------------------------------------------

 Call Graph Graphs:

 _main (ROOT)
   _delay_ms

 Address spaces:
Name               Size   Autos  Total    Cost      Usage
BITCOMRAM           5F      0       0       0        0.0%
EEDATA             100      0       0       0        0.0%
NULL                 0      0       0       0        0.0%
CODE                 0      0       0       0        0.0%
COMRAM              5F      5       5       1        5.3%
STACK                0      0       0       2        0.0%
DATA                 0      0       0       3        0.0%
BITBANK0            A0      0       0       4        0.0%
BANK0               A0      0       0       5        0.0%
BITBANK1           100      0       0       6        0.0%
BANK1              100      0       0       7        0.0%
BITBANK2           100      0       0       8        0.0%
BANK2              100      0       0       9        0.0%
BITBANK3           100      0       0      10        0.0%
BANK3              100      0       0      11        0.0%
BITBANK4           100      0       0      12        0.0%
BANK4              100      0       0      13        0.0%
BITBANK5           100      0       0      14        0.0%
BANK5              100      0       0      15        0.0%
BITBANK6           100      0       0      16        0.0%
BANK6              100      0       0      17        0.0%
BITBANK7           100      0       0      18        0.0%
BANK7              100      0       0      19        0.0%
ABS                  0      0       0      20        0.0%
BIGRAM             7FF      0       0      21        0.0%
BITSFR               0      0       0      40        0.0%
SFR                  0      0       0      40        0.0%


Microchip Technology PIC18 Macro Assembler V1.35 build -356382666 
Symbol Table                                                                                   Fri Feb 09 16:19:57 2018

                     l11 7F88                       l14 7FB0                       l17 7FD8  
                     l27 7F74                      l712 7FD2                      l706 7FAA  
                    l718 7FFA                      l696 7F60                      u157 7F66  
                    wreg 000FE8                     _main 7F82                     start 0000  
           ___param_bank 000010                    ?_main 0001                    _TRISD 000F95  
                  status 000FD8          __initialization 7F48             __end_of_main 8000  
                 ??_main 0006            __activetblptr 000000         __end_of_delay_ms 7F82  
             __accesstop 0060  __end_of__initialization 7F48            ___rparam_used 000001  
         __pcstackCOMRAM 0001                ?_delay_ms 0001                  __Hparam 0000  
                __Lparam 0000                  __pcinit 7F48                  __ramtop 0800  
                __ptext0 7F82                  __ptext1 7F4E               ??_delay_ms 0003  
   end_of_initialization 7F48                _PORTDbits 000F83      start_initialization 7F48  
      __size_of_delay_ms 0034                delay_ms@i 0001                delay_ms@j 0004  
               __Hrparam 0000                 __Lrparam 0000                 _delay_ms 7F4E  
          __size_of_main 007E  
